<?xml version="1.0" encoding="UTF-8"?>
<testng-results skipped="0" failed="0" ignored="0" total="0" passed="0">
  <reporter-output>
  </reporter-output>
  <suite name="com.project.Durgasoft8AMBatch.AppTest" duration-ms="9" started-at="2019-01-29T03:18:01Z" finished-at="2019-01-29T03:18:01Z">
    <groups>
    </groups>
    <test name="Command line test" duration-ms="9" started-at="2019-01-29T03:18:01Z" finished-at="2019-01-29T03:18:01Z">
    </test> <!-- Command line test -->
  </suite> <!-- com.project.Durgasoft8AMBatch.AppTest -->
</testng-results>
