<?xml version="1.0" encoding="UTF-8"?>
<!-- Generated by org.testng.reporters.JUnitXMLReporter -->
<testsuite hostname="DESKTOP-KRLAL0I" ignored="3" name="Test" tests="1" failures="0" timestamp="04 Feb 2019 03:02:22 GMT" time="20.114" errors="0">
  <testcase name="linktesting1" time="2.046" classname="com.project.Durgasoft8AMBatch.LinksTesting1"/>
  <testcase name="checkboxTest" time="0.0" classname="com.project.Durgasoft8AMBatch.CheckBox1">
    <ignored/>
  </testcase> <!-- checkboxTest -->
  <testcase name="amazon1" time="0.0" classname="com.project.Durgasoft8AMBatch.TC_004">
    <ignored/>
  </testcase> <!-- amazon1 -->
  <testcase name="radioButton" time="0.0" classname="com.project.Durgasoft8AMBatch.RadioButton1">
    <ignored/>
  </testcase> <!-- radioButton -->
</testsuite> <!-- Test -->
