<?xml version="1.0" encoding="UTF-8"?>
<!-- Generated by org.testng.reporters.JUnitXMLReporter -->
<testsuite hostname="DESKTOP-KRLAL0I" ignored="1" name="SmokeTest" tests="4" failures="0" timestamp="30 Jan 2019 03:22:41 GMT" time="15.553" errors="0">
  <testcase name="amazon" time="4.508" classname="com.project.Durgasoft8AMBatch.TC_004"/>
  <testcase name="f" time="0.002" classname="com.project.Durgasoft8AMBatch.TC_002"/>
  <testcase name="a" time="0.003" classname="com.project.Durgasoft8AMBatch.TC_003"/>
  <testcase name="f" time="0.003" classname="com.project.Durgasoft8AMBatch.TC_003"/>
  <testcase name="z" time="0.0" classname="com.project.Durgasoft8AMBatch.TC_003">
    <ignored/>
  </testcase> <!-- z -->
</testsuite> <!-- SmokeTest -->
