<?xml version="1.0" encoding="UTF-8"?>
<!-- Generated by org.testng.reporters.JUnitXMLReporter -->
<testsuite hostname="DESKTOP-KRLAL0I" ignored="1" name="Default test" tests="1" failures="0" timestamp="11 Feb 2019 03:00:37 GMT" time="23.473" errors="0">
  <testcase name="automationRegistration" time="8.597" classname="com.project.Durgasoft8AMBatch.TC_006"/>
  <testcase name="automationLogin" time="0.0" classname="com.project.Durgasoft8AMBatch.TC_006">
    <ignored/>
  </testcase> <!-- automationLogin -->
</testsuite> <!-- Default test -->
